<?xml version="1.0" encoding="UTF-8"?>
<testng-results ignored="0" total="1" passed="1" failed="0" skipped="0">
  <reporter-output>
  </reporter-output>
  <suite started-at="2022-03-19T13:57:44 IST" name="Default suite" finished-at="2022-03-19T14:00:18 IST" duration-ms="153693">
    <groups>
    </groups>
    <test started-at="2022-03-19T13:57:44 IST" name="Default test" finished-at="2022-03-19T14:00:18 IST" duration-ms="153693">
      <class name="Amazon.locators">
        <test-method is-config="true" signature="beforeTestStart()[pri:0, instance:Amazon.locators@74751b3]" started-at="2022-03-19T13:57:44 IST" name="beforeTestStart" finished-at="2022-03-19T13:57:58 IST" duration-ms="13435" status="PASS">
          <reporter-output>
          </reporter-output>
        </test-method> <!-- beforeTestStart -->
        <test-method signature="searchIphone()[pri:0, instance:Amazon.locators@74751b3]" started-at="2022-03-19T13:57:58 IST" name="searchIphone" finished-at="2022-03-19T14:00:18 IST" duration-ms="139994" status="PASS">
          <reporter-output>
          </reporter-output>
        </test-method> <!-- searchIphone -->
        <test-method is-config="true" signature="afterTestsEnds()[pri:0, instance:Amazon.locators@74751b3]" started-at="2022-03-19T14:00:18 IST" name="afterTestsEnds" finished-at="2022-03-19T14:00:18 IST" duration-ms="197" status="PASS">
          <reporter-output>
          </reporter-output>
        </test-method> <!-- afterTestsEnds -->
      </class> <!-- Amazon.locators -->
    </test> <!-- Default test -->
  </suite> <!-- Default suite -->
</testng-results>
